<?xml version="1.0" encoding="UTF-8"?>
<testng-results ignored="0" total="2" passed="1" failed="1" skipped="0">
  <reporter-output>
  </reporter-output>
  <suite started-at="2018-10-06T07:48:24Z" name="Default suite" finished-at="2018-10-06T07:49:26Z" duration-ms="61692">
    <groups>
    </groups>
    <test started-at="2018-10-06T07:48:24Z" name="Default test" finished-at="2018-10-06T07:49:26Z" duration-ms="61692">
      <class name="TestNGPkg.MyntraTest">
        <test-method is-config="true" signature="beforeSuite()[pri:0, instance:TestNGPkg.MyntraTest@175b9425]" started-at="2018-10-06T07:48:24Z" name="beforeSuite" finished-at="2018-10-06T07:48:24Z" duration-ms="45" status="PASS">
          <reporter-output>
          </reporter-output>
        </test-method> <!-- beforeSuite -->
        <test-method is-config="true" signature="beforeTest()[pri:0, instance:TestNGPkg.MyntraTest@175b9425]" started-at="2018-10-06T07:48:24Z" name="beforeTest" finished-at="2018-10-06T07:48:24Z" duration-ms="1" status="PASS">
          <reporter-output>
          </reporter-output>
        </test-method> <!-- beforeTest -->
        <test-method is-config="true" signature="beforeClass()[pri:0, instance:TestNGPkg.MyntraTest@175b9425]" started-at="2018-10-06T07:48:24Z" name="beforeClass" finished-at="2018-10-06T07:48:58Z" duration-ms="33719" status="PASS">
          <reporter-output>
          </reporter-output>
        </test-method> <!-- beforeClass -->
        <test-method is-config="true" signature="beforeMethod()[pri:0, instance:TestNGPkg.MyntraTest@175b9425]" started-at="2018-10-06T07:48:58Z" name="beforeMethod" finished-at="2018-10-06T07:48:58Z" duration-ms="1" status="PASS">
          <reporter-output>
          </reporter-output>
        </test-method> <!-- beforeMethod -->
        <test-method signature="p()[pri:0, instance:TestNGPkg.MyntraTest@175b9425]" started-at="2018-10-06T07:48:58Z" name="p" finished-at="2018-10-06T07:48:58Z" duration-ms="18" status="FAIL">
          <exception class="java.lang.NullPointerException">
            <message>
              <![CDATA[null value in entry: handle=null]]>
            </message>
            <full-stacktrace>
              <![CDATA[java.lang.NullPointerException: null value in entry: handle=null
at com.google.common.collect.CollectPreconditions.checkEntryNotNull(CollectPreconditions.java:32)
at com.google.common.collect.SingletonImmutableBiMap.<init>(SingletonImmutableBiMap.java:42)
at com.google.common.collect.ImmutableBiMap.of(ImmutableBiMap.java:72)
at com.google.common.collect.ImmutableMap.of(ImmutableMap.java:124)
at org.openqa.selenium.remote.RemoteWebDriver$RemoteTargetLocator.window(RemoteWebDriver.java:899)
at TestNGPkg.MyntraTest.p(MyntraTest.java:95)
at java.base/jdk.internal.reflect.NativeMethodAccessorImpl.invoke0(Native Method)
at java.base/jdk.internal.reflect.NativeMethodAccessorImpl.invoke(Unknown Source)
at java.base/jdk.internal.reflect.DelegatingMethodAccessorImpl.invoke(Unknown Source)
at java.base/java.lang.reflect.Method.invoke(Unknown Source)
at org.testng.internal.MethodInvocationHelper.invokeMethod(MethodInvocationHelper.java:124)
at org.testng.internal.Invoker.invokeMethod(Invoker.java:580)
at org.testng.internal.Invoker.invokeTestMethod(Invoker.java:716)
at org.testng.internal.Invoker.invokeTestMethods(Invoker.java:988)
at org.testng.internal.TestMethodWorker.invokeTestMethods(TestMethodWorker.java:125)
at org.testng.internal.TestMethodWorker.run(TestMethodWorker.java:109)
at org.testng.TestRunner.privateRun(TestRunner.java:648)
at org.testng.TestRunner.run(TestRunner.java:505)
at org.testng.SuiteRunner.runTest(SuiteRunner.java:455)
at org.testng.SuiteRunner.runSequentially(SuiteRunner.java:450)
at org.testng.SuiteRunner.privateRun(SuiteRunner.java:415)
at org.testng.SuiteRunner.run(SuiteRunner.java:364)
at org.testng.SuiteRunnerWorker.runSuite(SuiteRunnerWorker.java:52)
at org.testng.SuiteRunnerWorker.run(SuiteRunnerWorker.java:84)
at org.testng.TestNG.runSuitesSequentially(TestNG.java:1208)
at org.testng.TestNG.runSuitesLocally(TestNG.java:1137)
at org.testng.TestNG.runSuites(TestNG.java:1049)
at org.testng.TestNG.run(TestNG.java:1017)
at org.testng.remote.AbstractRemoteTestNG.run(AbstractRemoteTestNG.java:114)
at org.testng.remote.RemoteTestNG.initAndRun(RemoteTestNG.java:251)
at org.testng.remote.RemoteTestNG.main(RemoteTestNG.java:77)
]]>
            </full-stacktrace>
          </exception> <!-- java.lang.NullPointerException -->
          <reporter-output>
          </reporter-output>
        </test-method> <!-- p -->
        <test-method is-config="true" signature="afterMethod()[pri:0, instance:TestNGPkg.MyntraTest@175b9425]" started-at="2018-10-06T07:48:58Z" name="afterMethod" finished-at="2018-10-06T07:48:58Z" duration-ms="0" status="PASS">
          <reporter-output>
          </reporter-output>
        </test-method> <!-- afterMethod -->
        <test-method is-config="true" signature="beforeMethod()[pri:0, instance:TestNGPkg.MyntraTest@175b9425]" started-at="2018-10-06T07:48:58Z" name="beforeMethod" finished-at="2018-10-06T07:48:58Z" duration-ms="1" status="PASS">
          <reporter-output>
          </reporter-output>
        </test-method> <!-- beforeMethod -->
        <test-method signature="f()[pri:1, instance:TestNGPkg.MyntraTest@175b9425]" started-at="2018-10-06T07:48:58Z" name="f" finished-at="2018-10-06T07:49:26Z" duration-ms="27889" status="PASS">
          <reporter-output>
          </reporter-output>
        </test-method> <!-- f -->
        <test-method is-config="true" signature="afterMethod()[pri:0, instance:TestNGPkg.MyntraTest@175b9425]" started-at="2018-10-06T07:49:26Z" name="afterMethod" finished-at="2018-10-06T07:49:26Z" duration-ms="1" status="PASS">
          <reporter-output>
          </reporter-output>
        </test-method> <!-- afterMethod -->
        <test-method is-config="true" signature="afterClass()[pri:0, instance:TestNGPkg.MyntraTest@175b9425]" started-at="2018-10-06T07:49:26Z" name="afterClass" finished-at="2018-10-06T07:49:26Z" duration-ms="0" status="PASS">
          <reporter-output>
          </reporter-output>
        </test-method> <!-- afterClass -->
        <test-method is-config="true" signature="afterTest()[pri:0, instance:TestNGPkg.MyntraTest@175b9425]" started-at="2018-10-06T07:49:26Z" name="afterTest" finished-at="2018-10-06T07:49:26Z" duration-ms="0" status="PASS">
          <reporter-output>
          </reporter-output>
        </test-method> <!-- afterTest -->
        <test-method is-config="true" signature="afterSuite()[pri:0, instance:TestNGPkg.MyntraTest@175b9425]" started-at="2018-10-06T07:49:26Z" name="afterSuite" finished-at="2018-10-06T07:49:26Z" duration-ms="1" status="PASS">
          <reporter-output>
          </reporter-output>
        </test-method> <!-- afterSuite -->
      </class> <!-- TestNGPkg.MyntraTest -->
    </test> <!-- Default test -->
  </suite> <!-- Default suite -->
</testng-results>
